<?xml version="1.0" encoding="UTF-8"?>
<testsuite xmlns:xsi="http://www.w3.org/2001/XMLSchema-instance" xsi:noNamespaceSchemaLocation="https://maven.apache.org/surefire/maven-surefire-plugin/xsd/surefire-test-report.xsd" version="3.0.2" name="TestSuite" time="95.629" tests="2" errors="0" skipped="0" failures="0">
  <properties>
[...]
</properties>
  <testcase name="DB_setup[jdbc:sqlserver://qcvm001.eastus.cloudapp.azure.com:51026;databaseName=AHI_GHB_WHMIS; encrypt=true;trustServerCertificate=true, sa, befrank!1, SELECT distinct cons.cons_usr_id, cons.cons_id, cons.Cons_Name, sp.sp_cd , sp.sp_name FROM  ConsultM AS cons INNER JOIN  ConsultLocationM AS consloc ON cons.Cons_Id = consloc.Cons_Id INNER JOIN  ConsSpecialityM AS conssp ON consloc.LOC_id = conssp.Loc_ID AND consloc.Cons_Id = conssp.Cons_ID INNER JOIN  SpecialityM AS sp ON cons.sp_cd = sp.Sp_Cd WHERE (cons.Cons_IsActive = 1 AND consloc.LOC_id = 1) , select Nation_Max_Mob_Len,nation_id,nation_name,nation_country_code from NationM where isnull(Nation_Max_Mob_Len,0)&lt;&gt;0, Select distinct A.AC_CD,AC_desc,D.Tpm_Cd,H.Tpm_name from ACCTM A Inner join CusClassLocation C on A.Ac_Cd=C.AC_CD Inner Join TestPriceMD D on C.Tpm_Cd= D.Tpm_Cd Inner Join TestPriceMH H on H.Tpm_Cd= D.Tpm_Cd where A.Is_Active=1 and A.Pymt_Mode=&apos;C&apos; and C.LOC_id=&apos;1&apos; , SELECT LocM.Loc_Id, LocM.Loc_Name, CoM.Co_Name FROM LocationM LocM JOIN CompM CoM ON LocM.Co_Cd = CoM.Co_Cd WHERE LocM.IsActive = 1 and LocM.Loc_Id = 1  ORDER BY LocM.Loc_Name ](1)" classname="class_test.Sample_Excel_Blockcurrentday_Manualcheckincheckout" time="3.934">
    <system-out><![CDATA[formattime1:20 
Rounded time: 1:20  PM
Time interval: 1:20 PM - 1:30 PM
Time interval2: 1:30 PM - 1:40 PM
Driver loaded
Database is connected successfully
The cons usr id: drhussain
The cons name is: DR. HUSSAIN ALI RAWANI
The Spl name is: INTERNAL MEDICINE
The Spl code is: IM
The nation code is: 966
The min_len is: 10
The Nation id is: SA
The Nation name is: SAUDI ARABIA
The Customer code is: C438
The Customer name is: FUSION  CLINIC
The PM code is: CO-9997
The PM name is: FUSION CLINIC
Loc_Id: 1
Loc_Name: Ghoubra Hospital
Compname: Al Hayat International Hospital LLC
locationindex 0
DBconnect: null
]]></system-out>
    <system-err><![CDATA[SLF4J: Failed to load class "org.slf4j.impl.StaticLoggerBinder".
SLF4J: Defaulting to no-operation (NOP) logger implementation
SLF4J: See http://www.slf4j.org/codes.html#StaticLoggerBinder for further details.
]]></system-err>
  </testcase>
  <testcase name="test[C:\webdriver\chromedriver-win64\chromedriver.exe, http://qcvm001.eastus.cloudapp.azure.com:88/#/login/AHG, seleniumuser, takecare, http://localhost:96/login, afi, takecare, takecare](1)" classname="class_test.Sample_Excel_Blockcurrentday_Manualcheckincheckout" time="90.324">
    <system-out><![CDATA[2024-10-17T07:56:33.514659900Z main ERROR Log4j2 could not find a logging implementation. Please add log4j-core to the classpath. Using SimpleLogger to log to the console...
Excel workbook is exist
Last row with image: 31
Next row number for new image: 62
Calculated screenshotSheetRowNum: 62
No alert present after refresh.
Selected option text: Ghoubra Hospital
Screenshot saved at: screenshots/screenshot1.png
Popup list size: 16
]]></system-out>
  </testcase>
</testsuite>