<?xml version="1.0" encoding="UTF-8"?>
<testng-results ignored="0" total="2" passed="2" failed="0" skipped="0">
  <reporter-output>
  </reporter-output>
  <suite started-at="2024-10-17T13:26:29 IST" name="Suite" finished-at="2024-10-17T13:28:03 IST" duration-ms="94526">
    <groups>
    </groups>
    <test started-at="2024-10-17T13:26:29 IST" name="Test" finished-at="2024-10-17T13:28:03 IST" duration-ms="94526">
      <class name="class_test.Sample_Excel_Blockcurrentday_Manualcheckincheckout">
        <test-method is-config="true" signature="setup()[pri:0, instance:class_test.Sample_Excel_Blockcurrentday_Manualcheckincheckout@9bd0fa6]" started-at="2024-10-17T13:26:29 IST" name="setup" finished-at="2024-10-17T13:26:29 IST" duration-ms="133" status="PASS">
          <reporter-output>
          </reporter-output>
        </test-method> <!-- setup -->
        <test-method signature="DB_setup(java.lang.String,java.lang.String,java.lang.String,java.lang.String,java.lang.String,java.lang.String,java.lang.String)[pri:0, instance:class_test.Sample_Excel_Blockcurrentday_Manualcheckincheckout@9bd0fa6]" started-at="2024-10-17T13:26:29 IST" name="DB_setup" data-provider="sqlQueries" finished-at="2024-10-17T13:26:33 IST" duration-ms="3824" status="PASS">
          <params>
            <param index="0">
              <value>
                <![CDATA[jdbc:sqlserver://qcvm001.eastus.cloudapp.azure.com:51026;databaseName=AHI_GHB_WHMIS; encrypt=true;trustServerCertificate=true]]>
              </value>
            </param>
            <param index="1">
              <value>
                <![CDATA[sa]]>
              </value>
            </param>
            <param index="2">
              <value>
                <![CDATA[befrank!1]]>
              </value>
            </param>
            <param index="3">
              <value>
                <![CDATA[SELECT distinct cons.cons_usr_id, cons.cons_id, cons.Cons_Name, sp.sp_cd , sp.sp_name FROM  ConsultM AS cons INNER JOIN  ConsultLocationM AS consloc ON cons.Cons_Id = consloc.Cons_Id INNER JOIN  ConsSpecialityM AS conssp ON consloc.LOC_id = conssp.Loc_ID AND consloc.Cons_Id = conssp.Cons_ID INNER JOIN  SpecialityM AS sp ON cons.sp_cd = sp.Sp_Cd WHERE (cons.Cons_IsActive = 1 AND consloc.LOC_id = 1) ]]>
              </value>
            </param>
            <param index="4">
              <value>
                <![CDATA[select Nation_Max_Mob_Len,nation_id,nation_name,nation_country_code from NationM where isnull(Nation_Max_Mob_Len,0)<>0]]>
              </value>
            </param>
            <param index="5">
              <value>
                <![CDATA[Select distinct A.AC_CD,AC_desc,D.Tpm_Cd,H.Tpm_name from ACCTM A Inner join CusClassLocation C on A.Ac_Cd=C.AC_CD Inner Join TestPriceMD D on C.Tpm_Cd= D.Tpm_Cd Inner Join TestPriceMH H on H.Tpm_Cd= D.Tpm_Cd where A.Is_Active=1 and A.Pymt_Mode='C' and C.LOC_id='1' ]]>
              </value>
            </param>
            <param index="6">
              <value>
                <![CDATA[SELECT LocM.Loc_Id, LocM.Loc_Name, CoM.Co_Name FROM LocationM LocM JOIN CompM CoM ON LocM.Co_Cd = CoM.Co_Cd WHERE LocM.IsActive = 1 and LocM.Loc_Id = 1  ORDER BY LocM.Loc_Name ]]>
              </value>
            </param>
          </params>
          <reporter-output>
          </reporter-output>
        </test-method> <!-- DB_setup -->
        <test-method signature="test(java.lang.String,java.lang.String,java.lang.String,java.lang.String,java.lang.String,java.lang.String,java.lang.String,java.lang.String)[pri:1, instance:class_test.Sample_Excel_Blockcurrentday_Manualcheckincheckout@9bd0fa6]" started-at="2024-10-17T13:26:33 IST" name="test" data-provider="sqlQueries1" finished-at="2024-10-17T13:28:03 IST" duration-ms="90460" status="PASS">
          <params>
            <param index="0">
              <value>
                <![CDATA[C:\webdriver\chromedriver-win64\chromedriver.exe]]>
              </value>
            </param>
            <param index="1">
              <value>
                <![CDATA[http://qcvm001.eastus.cloudapp.azure.com:88/#/login/AHG]]>
              </value>
            </param>
            <param index="2">
              <value>
                <![CDATA[seleniumuser]]>
              </value>
            </param>
            <param index="3">
              <value>
                <![CDATA[takecare]]>
              </value>
            </param>
            <param index="4">
              <value>
                <![CDATA[http://localhost:96/login]]>
              </value>
            </param>
            <param index="5">
              <value>
                <![CDATA[afi]]>
              </value>
            </param>
            <param index="6">
              <value>
                <![CDATA[takecare]]>
              </value>
            </param>
            <param index="7">
              <value>
                <![CDATA[takecare]]>
              </value>
            </param>
          </params>
          <reporter-output>
          </reporter-output>
        </test-method> <!-- test -->
      </class> <!-- class_test.Sample_Excel_Blockcurrentday_Manualcheckincheckout -->
    </test> <!-- Test -->
  </suite> <!-- Suite -->
</testng-results>
